0,0.6062056130069089,0.6071854177562307
1,0.5375844378875814,0.5395933790968243
2,0.4837068818562063,0.48671924884485435
3,0.4457123492399921,0.44968218913634106
4,0.411961348930176,0.41665343824256046
5,0.38599575319361323,0.3911340943315396
6,0.36799109124046747,0.3734303334701219
7,0.35278867678905895,0.3591316529704157
8,0.3407500163587009,0.34763338932688026
9,0.3314345713024472,0.3385416294561222
10,0.3239652427303759,0.33117549294238274
11,0.31875953275241836,0.32628075122795336
12,0.3147215693339792,0.322374870312401
13,0.3110140871591186,0.31877470860252294
14,0.30818649768423767,0.31603621473726334
15,0.305990946511979,0.3143295580407961
16,0.30377605026623955,0.31222799698712367
17,0.302053040824365,0.31056361191747134
18,0.300678277096356,0.30935046408837724
19,0.2994361882713969,0.30820023549528264
20,0.29872665907754237,0.3076335383600672
21,0.29771782569914057,0.306749430257223
22,0.29676381167418225,0.3057329245658784
23,0.2959842255647919,0.3051458101376527
24,0.2952193789573635,0.30445694473348367
25,0.2944683732355206,0.3035732909843383
26,0.2939328251959309,0.30313724822044413
27,0.29322760916246365,0.3024717841481187
28,0.2929231768713126,0.30227956362759434
29,0.2921385761553303,0.3016290289608672
30,0.2915747468501857,0.3013043137219384
31,0.2911470018465991,0.30099344873449596
32,0.2902657256439979,0.3001034310602374
33,0.2900421891106556,0.29995435407871035
34,0.2889849344517193,0.29880310411111716
35,0.2883369224950351,0.2981124595114768
36,0.2879253412592318,0.29781045786503696
37,0.28762560159066886,0.2976327993007013
38,0.28730712315330603,0.2974708951191202
39,0.2869917164838871,0.29719441390122164
40,0.2867117454109002,0.296854044587047
41,0.2859778613644774,0.29598778876559817
42,0.28563957617414487,0.29578952140067105
43,0.28539657518612704,0.295556174653723
44,0.28516733663019705,0.2953250746037689
45,0.28478518873648223,0.2949501913791715
46,0.2845730902098587,0.2948130160208587
47,0.28442966869850367,0.2948021888951118
48,0.2842093234349324,0.29462149924377556
49,0.2840291341115751,0.29446862318217853
50,0.2838236771348567,0.2942345570327905
51,0.2836510611906663,0.29414215092855756
52,0.2834147119282387,0.293928610047797
53,0.2832945607838184,0.29374104872202544
54,0.2829804719707664,0.2934915034040683
55,0.2827877747505539,0.29330686794010463
56,0.28262675226501843,0.29323778521631116
57,0.2824406082699491,0.29324761274049344
58,0.28229415668779545,0.2931291732994627
59,0.2821773160101887,0.29299919280749526
60,0.281770204165166,0.29254715621171534
61,0.2817248803232871,0.2925430112957209
62,0.2813819368995788,0.2920384086196698
63,0.28118458593777584,0.2919975662415483
64,0.28104035717008474,0.2918968970108522
65,0.28082146453359497,0.2917130405236835
66,0.2805350849508399,0.2913540925782396
67,0.2803294787476842,0.2911366810920066
68,0.2802479004176965,0.29108738575075116
69,0.2800345930390351,0.2909945752077031
70,0.2799216908183695,0.29092425562185276
71,0.27985267127521235,0.29094030395709575
72,0.2796983181630149,0.2908278691478138
73,0.2795854634852215,0.2907352382304826
74,0.27940094152957284,0.2905849629880418
75,0.2793507400526693,0.2905648773657892
76,0.27923877043391265,0.29050305229854123
77,0.2790989477036801,0.29044806555394187
78,0.27903369526030297,0.29041164156039107
79,0.27899216754184464,0.2903643776592798
80,0.2789208179679185,0.290339043485582
81,0.2787423015258424,0.2902138598162559
82,0.27868361955590554,0.29020955846194346
83,0.27851660164419906,0.29004946338891746
84,0.27838073551813636,0.29001162808374215
85,0.2782354110263469,0.2899104051488867
86,0.2780834074779713,0.28982939569831234
87,0.2780490801995163,0.28979543205910707
88,0.2779475649930769,0.2897572858200445
89,0.27765747152918013,0.28955612936146397
90,0.2776193600960803,0.2895095610138822
91,0.27748971243122167,0.2894800738502833
92,0.277372294109869,0.28938045010187535
93,0.2772239772960638,0.2893819541601872
94,0.27707230926176835,0.2893430586359355
95,0.2769168885086406,0.2894164146970097
96,0.2767682583959573,0.28936725475303327
97,0.27674347323481496,0.28931316165332893
98,0.27669503228805975,0.28929345265496725
99,0.2765097881100302,0.28914263210507274
100,0.2763802324345447,0.28919103292969534
101,0.27618869420177883,0.28907302568409043
102,0.27602885344807315,0.28905723448610515
103,0.275945892879999,0.28902976191922314
104,0.27580449900718185,0.28901188411698225
105,0.27562205995780603,0.28901816990286544
106,0.27558728873416977,0.2890293714724224
107,0.2754590156958317,0.28893975567861413
108,0.27526149977669884,0.28873331371901867
109,0.27516257055913296,0.2886468767500448
110,0.2750094439988777,0.2885226904356899
111,0.27486493425103514,0.2885394332932015
112,0.2747471154183528,0.28849675312728273
113,0.27468748614610194,0.28844979504181
114,0.27456868731422845,0.2884066451669028
115,0.2744626787487384,0.28829499689952776
116,0.27429700517009814,0.2882344171669085
117,0.27415830399274055,0.28819057075582616
118,0.2740390164155205,0.2881311110890367
119,0.2736957251645278,0.2877279295673136
120,0.2736018600694404,0.2876958272293141
121,0.2733544153483438,0.28751571055881076
122,0.27314866893325623,0.2873866956110622
123,0.2729513831009653,0.2870868569951133
124,0.2727862927921439,0.28701522453880457
125,0.27258720233044886,0.2868821538922146
126,0.27245718593430834,0.2868737195009283
127,0.27231944437415784,0.28674319497028655
128,0.27220970212553247,0.28673262729989346
129,0.272107409950818,0.2867229835097309
130,0.2720093430295403,0.28666752996656286
131,0.27188423153288555,0.2866477934475638
132,0.27177282633694394,0.2866091681545014
133,0.2716767676189527,0.2865849360448529
134,0.27151660410853473,0.2864759151748253
135,0.2714128553712295,0.2865476941784123
136,0.27126190200216965,0.2864019143451831
137,0.2710399820654227,0.2861743728671691
138,0.2708518726902451,0.28607909879256155
139,0.2707850387662462,0.28609760429352027
140,0.27068303279735356,0.28615926686495324
141,0.270559680706005,0.28604901866962545
142,0.2704582940966216,0.28606046876967234
143,0.27033641218260307,0.28595501384698074
144,0.2702105809961041,0.2858660088883901
145,0.27010217504105527,0.28583039463300935
146,0.26995742107534804,0.2857362797077557
147,0.2698819749728517,0.28569787570107996
148,0.26975554539328545,0.2857158714527898
149,0.26961261788515356,0.285472583223434
150,0.26953628424470066,0.2855069059269555
151,0.2694028823851851,0.2853857915372248
152,0.26932503635137073,0.2853455535702352
153,0.2692338087108182,0.28536664914874654
154,0.2690451900265401,0.2852680895521565
155,0.26892594467293407,0.2852451223676983
156,0.2688307463879491,0.2852531183850889
157,0.26874547483971456,0.2852187812389326
158,0.2686890166229767,0.28518841995933775
159,0.26863549066630543,0.2851789011171829
160,0.26854915600649343,0.28523070812214263
161,0.26847764306404615,0.28521527491123183
162,0.2683327407622128,0.28507716407176303
163,0.2682135477598859,0.2850683003455319
164,0.2681405681299732,0.28505640831661555
165,0.2680394752738172,0.2850584096699621
166,0.26795180171157823,0.2850251021270165
167,0.26785581523280994,0.2850404608489666
168,0.2677949862973674,0.28505172295440556
169,0.26769958512291625,0.2850799737478704
170,0.2676001693177197,0.28507426362490385
171,0.2674922195879959,0.28507531542547626
172,0.2673062040221391,0.2849892893005135
173,0.2672307373255766,0.2849865398779901
174,0.26715527463772404,0.28497733080436266
175,0.2670666319221346,0.28497972012834555
176,0.2669723229845389,0.2848793183327453
177,0.2667967711983663,0.2847812146199853
178,0.2665850814078704,0.28457979583334153
179,0.26648976639693567,0.2845222042711487
180,0.26641305465718246,0.28448653375673655
181,0.26628781162393517,0.2845053967005849
182,0.26618641489431294,0.2844210276588477
183,0.2660948564411255,0.28443712095809415
184,0.2659772983556608,0.28438613581115463
185,0.2658595219634412,0.28440292843354686
186,0.2658179125461303,0.28442105500663656
187,0.2657497709865412,0.2844227772198697
188,0.26567450985429997,0.28437035220150436
189,0.26558867958210286,0.2844088168758409
190,0.2655150962558775,0.2843991013652515
191,0.26537827202683817,0.2843286137872529
192,0.26531911547176984,0.2842749517411738
193,0.2652323750696455,0.2842560857303743
194,0.2651151636583709,0.28422994328147716
195,0.26501700587738375,0.2842008545721005
196,0.2648454555124664,0.2839853095214142
197,0.2647728643843783,0.2839606501506895
198,0.26469015087453573,0.28397188436562887
199,0.2645498101900399,0.28393682597039893
200,0.26445906131410185,0.283888373349269
201,0.264391454085163,0.28387549377527266
202,0.2643292378011549,0.28386034971875784
203,0.26425417146824803,0.28382979197174985
204,0.26420690513421785,0.2838394586119243
205,0.2641638407821642,0.28379680425972537
206,0.2640661172524367,0.2837977214676129
207,0.2640029695877497,0.2837521513639946
208,0.26388012573378855,0.2837478203544922
209,0.26375191927296066,0.2836426391168173
210,0.26369282183257287,0.283624223460111
211,0.2635788374857487,0.28364867288190965
212,0.2634946577652003,0.2836363823489597
213,0.2634300675694786,0.28360399059639363
214,0.263348558789316,0.2835653576100218
215,0.2632720145329852,0.28360174611270456
216,0.2632177724717511,0.2835611916056007
217,0.26312814225233505,0.2835621889396753
218,0.262948798146312,0.28330457344764814
219,0.26282924345016406,0.28333343104252307
220,0.2627188992744577,0.28326043737602125
221,0.2626438522801845,0.283227743851924
222,0.2625656371848346,0.283222218922897
223,0.2625121710041465,0.28326130070872785
224,0.26247003624300924,0.2832458342604719
225,0.2623811715923045,0.28325386522861334
226,0.2623201870729479,0.28325931643616353
227,0.262259537898775,0.2832704472171431
228,0.262165491313597,0.2832437041392071
229,0.26212350678562985,0.2832446821276402
230,0.26201884935230557,0.28316771089882903
231,0.2618709743652155,0.28324788849944316
232,0.2617764836038919,0.28321836554716784
233,0.26168691849381237,0.2831809774135375
234,0.26156715527538177,0.28321797287307915
235,0.26153788206879647,0.28320431242999455
236,0.26144245124001264,0.2832391560588925
237,0.26134214946376993,0.28316744206757577
238,0.2612852944639792,0.28318818211273517
239,0.26119622648681057,0.2831464537193395
240,0.26111042945863855,0.28318896536098526
241,0.26095314660712626,0.28315791734362544
242,0.26088424202403104,0.283168617927224
243,0.26081293551906176,0.2832199322287641
244,0.26076525454117105,0.2832070900366776
245,0.2606596292808908,0.28317199571274265
246,0.2605768544092253,0.2831671163770629
247,0.2604847344940264,0.283134381379741
248,0.2604354272336656,0.28314392667780874
249,0.26032178447099363,0.28311674551347316
250,0.26020408725875666,0.2830621422242955
251,0.26010981960676105,0.2830514402998514
252,0.2599668026738133,0.28299041045051426
253,0.2599258491908391,0.2829740153138496
254,0.25982192970886936,0.28289501709252174
255,0.25979633032081006,0.28291691177102535
256,0.2597411841646339,0.28291149482972333
257,0.259657597620495,0.2828337944366925
258,0.2595784627815218,0.28277469918155596
259,0.25946686916591943,0.2827354550696263
260,0.25939162310841785,0.2827364364658868
261,0.2592976108444351,0.28274905089889185
262,0.25919884238030655,0.2827158176260099
263,0.2591201742449962,0.2827096823599953
264,0.2590326632471068,0.282687821212985
265,0.25898314069582173,0.28270290140378446
266,0.258882965577032,0.2827358030516251
267,0.2587315183585291,0.2827327520547396
268,0.25860993039828517,0.28269350418229244
269,0.25854804413329535,0.28274050529201167
270,0.25849366224243686,0.28274749566888935
271,0.25840735699815076,0.28275336848871246
272,0.2583218294854518,0.2827264585269061
273,0.2582879538082203,0.28270453418612196
274,0.25822819763813176,0.2827407705284423
275,0.25811382822308954,0.2827195536452989
276,0.25804540481209076,0.2826921662095302
277,0.2579618637220564,0.28262458359359405
278,0.2578811479525766,0.2825654226160526
279,0.2577736031384624,0.2826076443295499
280,0.2577088693255598,0.2826228172638869
281,0.2576688777045149,0.282607889226595
282,0.2575736256613184,0.28260378665900254
283,0.25748201990409914,0.2825627741735257
284,0.25736648099653026,0.2823886222790947
285,0.2573077963412353,0.2823825222210944
286,0.25721251291971853,0.2823463533168314
287,0.25706211468151485,0.2822296759558272
288,0.25697095206325393,0.2822438248596985
289,0.2568728473288496,0.2822715130495049
290,0.25680946433464613,0.28219584454096275
291,0.25674409361287615,0.2821472977408653
292,0.2566280404309572,0.28211077435519244
293,0.2565457497498517,0.28208898512278147
294,0.25651367497180555,0.2820969682508581
295,0.2564151120326045,0.2820985747165468
296,0.25636042892163824,0.2821253220049024
297,0.25628653167869353,0.28215079883694083
298,0.25622915889644504,0.2820958606052707
299,0.2561093126254177,0.2820979722140194
300,0.25603408147830237,0.2820959197594314
301,0.25595796262135234,0.28209041944208507
302,0.25591720050260114,0.2820707372072963
303,0.2558576493800262,0.2820831420868831
304,0.2558057533798364,0.2821394528332669
305,0.2557262837544466,0.2822204672506154
306,0.25563176287868167,0.28220402306716497
307,0.2555158600675954,0.28218734714709887
308,0.25541659738040556,0.2821762055268215
309,0.2553506684718769,0.28219102012400055
310,0.255302652338579,0.28221583117877136
311,0.25517538991272465,0.2820261611584111
312,0.25507158851176526,0.2819657784670029
313,0.25501013930784305,0.2819928144137828
314,0.25491723431172386,0.2819605613628464
315,0.2548185886315253,0.28185411558001666
316,0.2547424091078636,0.2818865901937629
317,0.25465726069211625,0.2818650386306462
318,0.2545959694504578,0.28189703717677617
319,0.25452715453738534,0.28195630053388937
320,0.25444342970368555,0.28189590413100385
321,0.25438137815317324,0.28185046224035215
322,0.2543237883474657,0.28185142640809163
323,0.25429381663637635,0.2818877028654284
324,0.2542403387933841,0.28191982280651373
325,0.2541729675679848,0.2818655547861192
326,0.25410432518880915,0.28184827056394907
327,0.2540499304229197,0.2817892863059847
328,0.2539836224719336,0.2818050715963694
329,0.2539179742185527,0.2817565818053323
330,0.2538395183571965,0.2817885922044561
331,0.2537665114706259,0.2818037815544621
332,0.25370972944185516,0.28178819247279935
333,0.25364118749754866,0.2818003208247278
334,0.2535858411226848,0.2817765603411003
335,0.25350528649333604,0.28177295607641106
336,0.2534398999067729,0.28175702568569455
337,0.2534021573083371,0.28177658140073564
338,0.2533291957260471,0.28176479468802873
339,0.2532795292551475,0.2817818186050385
340,0.253224814562814,0.2817979852392178
341,0.25314268502013726,0.28177917928449575
342,0.2530654845868754,0.281813145607641
343,0.2530036762482491,0.2817926531727786
344,0.2529345598541677,0.28179763473109337
345,0.2528269716737814,0.28179389508973957
346,0.2527511365165596,0.2818654250188307
347,0.2526482555622875,0.28187970124425227
348,0.25255986590145363,0.2818189034043184
349,0.2525416908371919,0.28180242824388174
350,0.2524794219202167,0.2818049246328735
351,0.25240893325964975,0.2817977347043489
352,0.25231351532379953,0.28177414386066657
353,0.25225780643641205,0.28174785366000105
354,0.2521639296845125,0.2817946633481089
355,0.2520571887476604,0.28166465596652657
356,0.2519823284949849,0.2815841291466421
357,0.25188641785985144,0.28153285534757644
358,0.25178545299382116,0.2815934175517322
359,0.2517650665880624,0.28160971721293343
360,0.2516610086151405,0.2816393447167264
361,0.2515759345320149,0.28165021362816356
362,0.251476757975335,0.2816297742213775
363,0.25140715456359325,0.28169022203926025
364,0.2513553800088097,0.2816652568515751
365,0.2512650729611431,0.28167046318084465
366,0.25120915087337825,0.28167863853507447
367,0.2511414640337614,0.2816743862827881
368,0.25105748168834635,0.2816910811164139
369,0.2509754303989668,0.28168880852609474
370,0.25089321291198075,0.28167491380324855
371,0.25082242630842805,0.2817978792638346
372,0.2507625829938928,0.2817887223381651
373,0.2506937449870999,0.2818417834511661
374,0.25065866768798956,0.28182591321769934
375,0.25054299684118003,0.2818378376525549
376,0.2504738123249424,0.28183981289903887
377,0.2504199052542032,0.2818093383414034
378,0.2503249225034392,0.2818148794238983
379,0.2502784438113473,0.28183782778503885
380,0.2501899683392988,0.2818389831404772
381,0.250092130269787,0.28189498365324034
382,0.2500098331567723,0.2818945023386739
383,0.24994692733634274,0.28191652747776985
384,0.24984014600705223,0.28200772740813607
385,0.2497889833474511,0.2820218319881548
386,0.2497685492516216,0.2820362880542357
387,0.2496721511662366,0.2820162428158373
388,0.24958511003354994,0.2820355422091479
389,0.24949655783675226,0.2819636251991454
390,0.24942901040551313,0.2819640395622733
391,0.24936623128719138,0.28194906035618444
392,0.24926001879474025,0.2818978928837271
393,0.24917037466994707,0.2819161452920565
394,0.24909872056337953,0.28195029652567044
395,0.24901812563065343,0.281872464496947
396,0.24895536652138464,0.28189499382432803
397,0.2488992612409833,0.28193032922282285
398,0.2488138679842194,0.2818832778686754
399,0.24874762352240432,0.2818410616413488
400,0.24867142808818934,0.28182028634790607
401,0.24861930687961475,0.2817757606176798
402,0.24856980766609835,0.2817720183467983
403,0.24849704065154854,0.28184485256248276
404,0.24842552287923025,0.2819084701181237
405,0.24834306444453186,0.2819305034057352
406,0.24831231548151614,0.2818909739010895
407,0.24823380354643398,0.28187898751295215
