0,0.40040845228406374,0.40116729715874516
1,0.3791387127423849,0.3805818055682561
2,0.3627921421000636,0.3645448620321929
3,0.34999526566411804,0.3521776930943323
4,0.33958633757363105,0.3421983641688457
5,0.33106830717667013,0.3338207474032183
6,0.32379455927202744,0.32678013985715876
7,0.3176400377079299,0.3208963287714786
8,0.3124859095562999,0.31605000301456093
9,0.3080153800305098,0.31179003606937544
10,0.30421108807782543,0.3081864841565872
11,0.3009703340205399,0.3052509333282049
12,0.2980853007368379,0.3025621957338299
13,0.2958541902316505,0.3007573342097225
14,0.2934692670263601,0.2987156475414892
15,0.2913463532301656,0.29685283413604313
16,0.2896116439664279,0.2954636203993207
17,0.2879166557632988,0.29409195062243604
18,0.28667464723386193,0.2932164500776519
19,0.2855539591319422,0.29258571303716024
20,0.2843106265155207,0.2915278437021675
21,0.2831724203087578,0.2905211409983852
22,0.28237643191666034,0.2901945584334827
23,0.2814140847633914,0.2894731322298762
24,0.28065586064581083,0.2891604556512597
25,0.2798393707629024,0.28828113641265335
26,0.27901710933307694,0.2876278172060214
27,0.2783356453801987,0.28705480642452114
28,0.27767074354774224,0.28665139896637787
29,0.2770633719786781,0.2861378425837252
30,0.27647067496527666,0.28581111436787887
31,0.27582790274132185,0.2854524115691873
32,0.2751817501750579,0.28503012014431806
33,0.27457276540691394,0.28471703866951675
34,0.274058320792511,0.28451017830517694
35,0.2735562155164445,0.2842078123988947
36,0.2730599851486612,0.283933042314315
37,0.2726928675232896,0.2838599605643664
38,0.27230552495923965,0.2837700307636706
39,0.27174156904852426,0.283512744554932
40,0.2713003458036646,0.28340014071089803
41,0.27090941476809954,0.28323507081912896
42,0.2705422592558327,0.2832794822702095
43,0.27012867058583834,0.2831687147984667
44,0.2696869512385029,0.28307604781338364
45,0.26934282293211914,0.2829428634692169
46,0.26894354862560277,0.2828830388346994
47,0.2685652322511642,0.28285032681385885
48,0.2682039423674403,0.2827990359063329
49,0.2678275696953296,0.28264450740786634
50,0.26748604874118287,0.28277812460895885
51,0.2671247777514883,0.282679967360059
52,0.26674826300756843,0.2826096635951302
53,0.2663893327716812,0.2826820729057433
54,0.2659662195859232,0.2825251347034805
55,0.2656134343020392,0.2823783457053008
56,0.26530593472985753,0.28237470765979583
57,0.2649419284664001,0.2823758358772762
58,0.2646715468894845,0.28242065110211295
59,0.26427568233343224,0.28230626640878465
60,0.2638967878681886,0.28224321950613335
61,0.26357949971046274,0.2821917860164717
62,0.2633032298360906,0.2820855655129243
63,0.2628803528409823,0.28207146913790954
64,0.2624964115495526,0.2820497653171986
65,0.26225385700456455,0.2820357672240762
66,0.26194245217368023,0.28203962997335985
67,0.2617167944470652,0.28211581813294834
68,0.2614114780461065,0.2820763536344218
69,0.26111708972758774,0.28212302636203407
70,0.260826958901898,0.282209825762594
71,0.2605870336683662,0.28216957701155965
72,0.26036968894366286,0.2822529593684779
73,0.26010590838450826,0.2823109378940294
74,0.2597697763201681,0.2822234606792401
75,0.2594388490447225,0.2822694457062294
76,0.259062840178782,0.2820646719645325
77,0.2587554230296265,0.281933967519902
78,0.25852888067176766,0.28201082579852615
79,0.25826142081578013,0.2821153276005528
80,0.2578593889722445,0.2818948536558549
81,0.25764325296369206,0.28185865257245135
82,0.257430784903306,0.2818729002530246
83,0.2571894717067247,0.2819019699182807
84,0.2568718598822499,0.28165813725814925
85,0.25656538942839885,0.2816357265767146
86,0.2562487747967039,0.28158534125302215
87,0.25605365098934907,0.2815443365185467
88,0.25583999938465185,0.2815388571062573
89,0.2556506761448854,0.28156442708671225
90,0.25538924419723286,0.28151986696104103
91,0.25508553776555704,0.2815327441910631
92,0.25489646020525536,0.281532739508901
93,0.254514871567849,0.28153878649446207
94,0.2542378046902877,0.28146421817412726
95,0.25402562868281625,0.28146598266280487
96,0.2537546066743785,0.28147776597623986
97,0.25348772891631804,0.28139113525096543
98,0.2531417874991813,0.28152660422802606
99,0.25298488740780484,0.2816118897154183
100,0.25266868499539535,0.28152335561665526
101,0.2523980768198517,0.2815704799786823
102,0.2522572830497683,0.2816201294556589
103,0.2520100349734062,0.281764906799312
104,0.25180631715889296,0.28178859678542967
105,0.2515414708032004,0.28184550971155903
106,0.25127753556330706,0.2817523988167445
107,0.25099498543452387,0.2815840344751942
108,0.2507531766724104,0.28155023712090305
109,0.2505891966591066,0.2815964583318543
110,0.25039238351977816,0.281545690405384
111,0.2502138154872042,0.28149634292615017
112,0.249952869393445,0.28142000340574097
113,0.2495804086648837,0.2813615821324729
114,0.24932920391238197,0.28129390550686934
115,0.249093754569758,0.2811649481353455
116,0.24893826233551108,0.2812106340823681
117,0.24865420875176325,0.28126688593189203
118,0.24850624666110305,0.28138256616961277
119,0.2483142875105847,0.2814353283752034
120,0.24817060971450966,0.28152409204930295
121,0.2479834810986166,0.2816479963791651
122,0.24767869694088923,0.281675050831814
123,0.24738499956927945,0.281670685528051
124,0.2470716761463646,0.28172393709327165
125,0.24680763901353986,0.2816871545943664
126,0.24663960016070172,0.2817204057350739
127,0.24639757858951158,0.2816522013772489
128,0.24614397761531248,0.2816962414941631
129,0.24578182746213204,0.2817606049133911
130,0.24562231630205825,0.28177956720459274
131,0.2454648361938638,0.2817745773285073
132,0.2452250354633199,0.2817267244787663
133,0.24503022748170536,0.28164728034192743
134,0.24475534946973992,0.28158777390367334
135,0.24458501871272384,0.28160575786134
136,0.2443550295288441,0.28164234247876496
137,0.2442183680909543,0.28174136116726567
138,0.24397200497247032,0.2816742100772745
139,0.24374781454511768,0.2817107992591955
140,0.24357160501113095,0.28171017193909076
141,0.2434001604697791,0.2817181246510364
142,0.2431309521783496,0.2817869922091449
143,0.24291936853035123,0.28187548534705337
144,0.24267491406463076,0.281933286784309
145,0.24244886637088492,0.2819601484741399
146,0.24222322523534626,0.28203413960021256
147,0.24196070191508565,0.2819784540871425
148,0.24179468022661024,0.2820336300884654
149,0.24161123319201236,0.28205575084407714
150,0.24140156407683414,0.28205319912940846
151,0.2411512194408188,0.2820780155253584
152,0.24095611053906765,0.28216657212339236
153,0.24069378824209992,0.28220262785283867
154,0.24045508317832653,0.2821971596120686
155,0.24027246179899286,0.2821749380410065
156,0.24013825509062472,0.2822021432586857
157,0.2399752294568003,0.28222703987409303
158,0.239851092300472,0.2822452329285896
159,0.23956173713178705,0.2823628757928302
160,0.23930278596563198,0.2823155748853048
161,0.23904063013729193,0.28226517884050145
162,0.23883948992828052,0.2823171061383657
163,0.23875827104432829,0.28239044390028223
164,0.23849236256325965,0.28241757217931246
165,0.23828080318980938,0.2823976825937886
