0,0.40045938888078486,0.4001803311288374
1,0.3790448754699001,0.3785770376059234
2,0.36281777631937884,0.36244269535084445
3,0.3500187445735289,0.34957265091622236
4,0.33960750131378037,0.33883800862654445
5,0.3310946889686868,0.3304348649963547
6,0.3238969627542328,0.3235037825008068
7,0.3178730866125838,0.3177185308595048
8,0.31270510914058075,0.3125878287901135
9,0.3083296178992559,0.3083618772962927
10,0.30457846026977614,0.30470518463580415
11,0.30138722379160876,0.3016316018576919
12,0.29851510793057284,0.2988261294543163
13,0.29636904697702227,0.2968098288135702
14,0.29399083236722295,0.29459035045466
15,0.29184869478181746,0.29242075636531606
16,0.2901550210207061,0.2908102909374527
17,0.28855666457288204,0.28945014173596323
18,0.28731762185971466,0.28841319445677616
19,0.2862178639115661,0.28761903645500897
20,0.2849018489264863,0.28648456890426804
21,0.283777254671241,0.28543182593742733
22,0.2829750827501364,0.28482069517201714
23,0.2819806801130422,0.2840426536689607
24,0.28122263046522533,0.2836022738175728
25,0.28028271408701555,0.2828874830579521
26,0.2794531187953589,0.2820853960980577
27,0.27872627556583734,0.28161809359756373
28,0.278022157455487,0.2811083445953296
29,0.2773373659304781,0.28074723675820745
30,0.27676205387430947,0.2804157933206586
31,0.27601616362542225,0.2798379196373207
32,0.27536458918242285,0.2793898734413807
33,0.27478042725937135,0.2791132784473785
34,0.2742312596276582,0.27888914705215606
35,0.2737323340723098,0.27865626145360656
36,0.2732886059428737,0.2784909273278927
37,0.2728284646598765,0.2783184395128317
38,0.2723972848903339,0.27815592881635265
39,0.27187929900726465,0.27782774827872075
40,0.27143981560757313,0.27775383179772783
41,0.2709990882473667,0.2776850686020356
42,0.27057876531006153,0.2776357283595157
43,0.2701158174624133,0.27745184178661364
44,0.2697871850138517,0.2773717732878367
45,0.26938440804397584,0.2773680249830236
46,0.2689544380433635,0.27709453365600956
47,0.26848162246356116,0.27709765373713935
48,0.2681294365369635,0.2769911136417412
49,0.2677377077242485,0.2767278307881199
50,0.26741960063956655,0.27665075981214904
51,0.2669895656636,0.276470685354187
52,0.2665389627166055,0.27651673400619187
53,0.26615622490800384,0.276566297811565
54,0.26580135938804605,0.2764560019874016
55,0.26552440098008934,0.276526775436409
56,0.26523061426186084,0.2764563400313439
57,0.2648021572195804,0.27651530721314344
58,0.2643949704880124,0.276348899833373
59,0.26396013882901875,0.27615184251645475
60,0.26359078527189356,0.2762133045164291
61,0.2632495467053641,0.27619257893732724
62,0.26299146164611503,0.27625506294561153
63,0.26264393924828106,0.27625477767846285
64,0.26233162106561914,0.27620362948618926
65,0.2619900877396785,0.2761054581161562
66,0.2616503826939545,0.27603167504126486
67,0.2612755489826384,0.27596129999389407
68,0.26098559727474785,0.2759571748928429
69,0.2606987693701427,0.2758058713646202
70,0.2603905020774886,0.27591347338779654
71,0.26007646567721415,0.2760263476324891
72,0.259702568903145,0.27606904453395104
73,0.2594041869232798,0.2760085210380888
74,0.25908674562644013,0.27597658672118686
75,0.2587072373314682,0.27598096829127866
76,0.25845076660457167,0.27599063797252815
77,0.2581684247835803,0.2759362826438845
78,0.2579242926428484,0.2758870355859946
79,0.2577086089264321,0.27592773571457635
80,0.2573849357564099,0.27590678091412263
81,0.25702684147279575,0.27570090194387703
82,0.2568529941470218,0.2757594954688812
83,0.2566004402711533,0.27567257394460903
84,0.2563452191731975,0.27565326564778986
85,0.25609355067488815,0.27575382127329556
86,0.2558733285629465,0.27580911203359165
87,0.25565397620246044,0.275581095027161
88,0.2554742937185457,0.2755190273170514
89,0.2552023985624256,0.27551828736247064
90,0.2549490310414752,0.27549967102431555
91,0.25464291599465044,0.27544330210152945
92,0.2543473980359697,0.27529005911023274
93,0.2540784543771944,0.27516094276114655
94,0.25372147002019935,0.2751186171310914
95,0.2535598039672768,0.27512883552185086
96,0.2533573453036602,0.27505537476332514
97,0.25307431528615765,0.27507140829973137
98,0.2528512739259858,0.27508213117317154
99,0.25262915876327263,0.27501630524077253
100,0.2524346047176341,0.2749518303121614
101,0.25222702375091194,0.2749659232150907
102,0.25202654982350164,0.27501197255940935
103,0.25177107557811174,0.27501896725138636
104,0.251542385676776,0.27503960169075725
105,0.2513861155153374,0.27502224174662665
106,0.2511255521425427,0.2750590017736165
107,0.2508885634340904,0.2750299670624785
108,0.2507360315755081,0.2750637516819356
109,0.2504630772046172,0.27510714024405264
110,0.2502656738993282,0.2750954569985144
111,0.2500849654412836,0.2751152870483871
112,0.24977466373421797,0.27517692940513916
113,0.24955276117586156,0.27511479720149334
114,0.24927576845650073,0.275182725898928
115,0.2490612401173335,0.27509578106046156
116,0.24878196448881895,0.27507681849902693
117,0.24854314676742606,0.2750019977958845
118,0.24827868919505536,0.27506974539904067
119,0.24798221180366492,0.27511165418986644
120,0.24770499677328597,0.2751779875778642
121,0.24744166625685288,0.2752055987481905
122,0.24722541741383844,0.2751422977779135
123,0.24699162527185206,0.27517689202013085
124,0.24683429085077765,0.2751369624240979
125,0.24665199475298571,0.2751320786677652
126,0.24649851936693437,0.2751043634267821
127,0.24635947834034258,0.2751614522046389
128,0.24623792361046756,0.2751987088126351
129,0.24604725128870303,0.27523226032273124
130,0.2459230601627529,0.27521004545225947
131,0.24568733467347081,0.2752288822418601
132,0.2454137156319765,0.2752248503602057
133,0.24513997156563277,0.27513451171962566
134,0.2449931939651219,0.27519025443850004
135,0.244833993269542,0.2752444474829185
136,0.2446008016209933,0.27516551007860846
137,0.24439852253244101,0.27512967735316174
138,0.2441773022342134,0.2750329111938201
139,0.24395401934018787,0.27504260850826634
140,0.2438063988262816,0.2750587601555844
141,0.24358518665066414,0.2750895074549054
142,0.24346486382017324,0.2751505547752366
143,0.2432931484226575,0.27514433936896426
144,0.24306364760812485,0.275206097911002
145,0.24276853052247443,0.275168593310703
146,0.24252342854631476,0.2751638279388698
147,0.2423681310246306,0.27518368186342607
148,0.24222136367518282,0.27519471878787993
149,0.24186022414534422,0.2752104331930179
150,0.2415907427806922,0.27524560416029836
